<?xml version="1.0" encoding="UTF-8"?>
<testng-results skipped="0" failed="0" ignored="0" total="2" passed="2">
  <reporter-output>
  </reporter-output>
  <suite name="Default suite" duration-ms="96" started-at="2020-06-02T16:06:08Z" finished-at="2020-06-02T16:06:08Z">
    <groups>
    </groups>
    <test name="Default test" duration-ms="96" started-at="2020-06-02T16:06:08Z" finished-at="2020-06-02T16:06:08Z">
      <class name="com.dxt.test1.mavendemo">
        <test-method status="PASS" signature="sub()[pri:0, instance:com.dxt.test1.mavendemo@341b80b2]" name="sub" duration-ms="22" started-at="2020-06-02T16:06:08Z" finished-at="2020-06-02T16:06:08Z">
          <reporter-output>
          </reporter-output>
        </test-method> <!-- sub -->
        <test-method status="PASS" signature="sum()[pri:0, instance:com.dxt.test1.mavendemo@341b80b2]" name="sum" duration-ms="3" started-at="2020-06-02T16:06:08Z" finished-at="2020-06-02T16:06:08Z">
          <reporter-output>
          </reporter-output>
        </test-method> <!-- sum -->
      </class> <!-- com.dxt.test1.mavendemo -->
    </test> <!-- Default test -->
  </suite> <!-- Default suite -->
</testng-results>
